<?xml version="1.0" encoding="UTF-8"?>
<testsuite xmlns:xsi="http://www.w3.org/2001/XMLSchema-instance" xsi:noNamespaceSchemaLocation="https://maven.apache.org/surefire/maven-surefire-plugin/xsd/surefire-test-report-3.0.xsd" version="3.0" name="com.clearsolutions.controller.UserControllerTest" time="10.025" tests="8" errors="0" skipped="0" failures="0">
  <properties>
[...]
</properties>
  <testcase name="updateUser_Ok" classname="com.clearsolutions.controller.UserControllerTest" time="1.218">
    <system-out><![CDATA[02:26:12.263 [main] INFO org.springframework.test.context.support.AnnotationConfigContextLoaderUtils -- Could not detect default configuration classes for test class [com.clearsolutions.controller.UserControllerTest]: UserControllerTest does not declare any static, non-private, non-final, nested classes annotated with @Configuration.
02:26:12.607 [main] INFO org.springframework.boot.test.context.SpringBootTestContextBootstrapper -- Found @SpringBootConfiguration com.clearsolutions.ClearSolutionsApplication for test class com.clearsolutions.controller.UserControllerTest

  .   ____          _            __ _ _
 /\\ / ___'_ __ _ _(_)_ __  __ _ \ \ \ \
( ( )\___ | '_ | '_| | '_ \/ _` | \ \ \ \
 \\/  ___)| |_)| | | | | || (_| |  ) ) ) )
  '  |____| .__|_| |_|_| |_\__, | / / / /
 =========|_|==============|___/=/_/_/_/
 :: Spring Boot ::                (v3.1.5)

2024-05-10 02:26:13 [main] INFO  c.c.controller.UserControllerTest - Starting UserControllerTest using Java 17.0.6 with PID 20406 (started by oem in /home/oem/IdeaProjectsUltimate/ClearSolutions)
2024-05-10 02:26:14 [main] INFO  c.c.controller.UserControllerTest - No active profile set, falling back to 1 default profile: "default"
2024-05-10 02:26:14 [main] DEBUG o.s.w.c.s.GenericWebApplicationContext - Refreshing org.springframework.web.context.support.GenericWebApplicationContext@470a9030
2024-05-10 02:26:19 [main] DEBUG o.s.w.s.m.m.a.RequestMappingHandlerAdapter - ControllerAdvice beans: 0 @ModelAttribute, 0 @InitBinder, 1 RequestBodyAdvice, 1 ResponseBodyAdvice
2024-05-10 02:26:19 [main] DEBUG o.s.w.s.m.m.a.RequestMappingHandlerMapping - 7 mappings in 'requestMappingHandlerMapping'
2024-05-10 02:26:19 [main] DEBUG o.s.w.s.h.SimpleUrlHandlerMapping - Patterns [/webjars/**, /**] in 'resourceHandlerMapping'
2024-05-10 02:26:19 [main] DEBUG o.s.w.s.m.m.a.ExceptionHandlerExceptionResolver - ControllerAdvice beans: 1 @ExceptionHandler, 1 ResponseBodyAdvice
2024-05-10 02:26:19 [main] INFO  o.s.b.t.m.w.SpringBootMockServletContext - Initializing Spring TestDispatcherServlet ''
2024-05-10 02:26:19 [main] INFO  o.s.t.w.s.TestDispatcherServlet - Initializing Servlet ''
2024-05-10 02:26:19 [main] INFO  o.s.t.w.s.TestDispatcherServlet - Completed initialization in 5 ms
2024-05-10 02:26:20 [main] INFO  c.c.controller.UserControllerTest - Started UserControllerTest in 7.315 seconds (process running for 10.633)
2024-05-10 02:26:20 [main] DEBUG o.s.w.s.m.m.a.RequestMappingHandlerMapping - Mapped to com.clearsolutions.controller.UserController#update(Long, UserRequestDto)
2024-05-10 02:26:20 [main] DEBUG o.s.w.s.m.m.a.RequestResponseBodyMethodProcessor - Read "application/json;charset=UTF-8" to [UserRequestDto(dataRequestDto=UserDataRequestDto(email=pickmeup@gmail.com, firstName=John, lastName= (truncated)...]
2024-05-10 02:26:21 [main] DEBUG o.s.w.s.m.m.a.HttpEntityMethodProcessor - Using 'application/json', given [*/*] and supported [application/json]
2024-05-10 02:26:21 [main] DEBUG o.s.w.s.m.m.a.HttpEntityMethodProcessor - Writing [UserResponseDto(dataResponseDto=UserDataResponseDto(id=1, email=pickmeup@gmail.com, firstName=John,  (truncated)...]
]]></system-out>
  </testcase>
  <testcase name="createUser_Fail" classname="com.clearsolutions.controller.UserControllerTest" time="0.074">
    <system-out><![CDATA[2024-05-10 02:26:21 [main] DEBUG o.s.w.s.m.m.a.RequestMappingHandlerMapping - Mapped to com.clearsolutions.controller.UserController#create(UserRequestDto)
2024-05-10 02:26:21 [main] DEBUG o.s.w.s.m.m.a.RequestResponseBodyMethodProcessor - Read "application/json;charset=UTF-8" to [UserRequestDto(dataRequestDto=UserDataRequestDto(email=^$#@, firstName=null, lastName=null, birthDat (truncated)...]
2024-05-10 02:26:21 [main] DEBUG o.s.w.s.m.m.a.ExceptionHandlerExceptionResolver - Using @ExceptionHandler com.clearsolutions.exception.exceptionhandling.ApplicationExceptionHandling#handleValidationFailed(ValidationFailedException)
2024-05-10 02:26:21 [main] DEBUG o.s.w.s.m.m.a.RequestResponseBodyMethodProcessor - Using 'application/json', given [*/*] and supported [application/json, application/*+json]
2024-05-10 02:26:21 [main] DEBUG o.s.w.s.m.m.a.RequestResponseBodyMethodProcessor - Writing [ExceptionBody(status=400, errors={stacktrace=com.clearsolutions.exception.ValidationFailedException: (truncated)...]
2024-05-10 02:26:21 [main] DEBUG o.s.w.s.m.m.a.ExceptionHandlerExceptionResolver - Resolved [com.clearsolutions.exception.ValidationFailedException: Some data is wrong!]
]]></system-out>
  </testcase>
  <testcase name="getUsersByBirthdateBetween_Fail" classname="com.clearsolutions.controller.UserControllerTest" time="0.13">
    <system-out><![CDATA[2024-05-10 02:26:21 [main] DEBUG o.s.w.s.m.m.a.RequestMappingHandlerMapping - Mapped to com.clearsolutions.controller.UserController#getUsersByBirthdateBetween(LocalDate, LocalDate)
2024-05-10 02:26:21 [main] DEBUG o.s.w.s.m.m.a.HttpEntityMethodProcessor - Using 'text/plain', given [*/*] and supported [text/plain, */*, application/json, application/*+json]
2024-05-10 02:26:21 [main] DEBUG o.s.w.s.m.m.a.HttpEntityMethodProcessor - Writing ["Check dates correctness!"]
]]></system-out>
  </testcase>
  <testcase name="deleteUser_Ok" classname="com.clearsolutions.controller.UserControllerTest" time="0.053">
    <system-out><![CDATA[2024-05-10 02:26:21 [main] DEBUG o.s.w.s.m.m.a.RequestMappingHandlerMapping - Mapped to com.clearsolutions.controller.UserController#delete(Long)
2024-05-10 02:26:21 [main] INFO  c.c.controller.UserController - User with 1 was deleted with result true
2024-05-10 02:26:21 [main] DEBUG o.s.w.s.m.m.a.HttpEntityMethodProcessor - Using 'text/plain', given [*/*] and supported [text/plain, */*, application/json, application/*+json]
2024-05-10 02:26:21 [main] DEBUG o.s.w.s.m.m.a.HttpEntityMethodProcessor - Writing ["Success, deleted User by id 1"]
]]></system-out>
  </testcase>
  <testcase name="getUsersByBirthdateBetween_Ok" classname="com.clearsolutions.controller.UserControllerTest" time="0.042">
    <system-out><![CDATA[2024-05-10 02:26:21 [main] DEBUG o.s.w.s.m.m.a.RequestMappingHandlerMapping - Mapped to com.clearsolutions.controller.UserController#getUsersByBirthdateBetween(LocalDate, LocalDate)
2024-05-10 02:26:21 [main] DEBUG o.s.w.s.m.m.a.HttpEntityMethodProcessor - Using 'application/json', given [*/*] and supported [application/json, application/*+json]
2024-05-10 02:26:21 [main] DEBUG o.s.w.s.m.m.a.HttpEntityMethodProcessor - Writing [[UserResponseDto(dataResponseDto=UserDataResponseDto(id=1, email=lowpassenger93@gmail.com, firstName (truncated)...]
]]></system-out>
  </testcase>
  <testcase name="deleteUser_Fail" classname="com.clearsolutions.controller.UserControllerTest" time="0.039">
    <system-out><![CDATA[2024-05-10 02:26:21 [main] DEBUG o.s.w.s.m.m.a.RequestMappingHandlerMapping - Mapped to com.clearsolutions.controller.UserController#delete(Long)
2024-05-10 02:26:21 [main] INFO  c.c.controller.UserController - User with 1 was deleted with result false
2024-05-10 02:26:21 [main] DEBUG o.s.w.s.m.m.a.HttpEntityMethodProcessor - Using 'text/plain', given [*/*] and supported [text/plain, */*, application/json, application/*+json]
2024-05-10 02:26:21 [main] DEBUG o.s.w.s.m.m.a.HttpEntityMethodProcessor - Writing ["Denied, User with id 1 wasn't deleted"]
]]></system-out>
  </testcase>
  <testcase name="patchUser_Ok" classname="com.clearsolutions.controller.UserControllerTest" time="0.061">
    <system-out><![CDATA[2024-05-10 02:26:21 [main] DEBUG o.s.w.s.m.m.a.RequestMappingHandlerMapping - Mapped to com.clearsolutions.controller.UserController#patch(Long, UserRequestDto)
2024-05-10 02:26:21 [main] DEBUG o.s.w.s.m.m.a.RequestResponseBodyMethodProcessor - Read "application/json;charset=UTF-8" to [UserRequestDto(dataRequestDto=UserDataRequestDto(email=newuseremail.gmail.com, firstName=Low, lastNa (truncated)...]
2024-05-10 02:26:21 [main] DEBUG o.s.w.s.m.m.a.HttpEntityMethodProcessor - Using 'application/json', given [*/*] and supported [application/json, application/*+json]
2024-05-10 02:26:21 [main] DEBUG o.s.w.s.m.m.a.HttpEntityMethodProcessor - Writing [UserResponseDto(dataResponseDto=UserDataResponseDto(id=1, email=newuseremail.gmail.com, firstName=Lo (truncated)...]
]]></system-out>
  </testcase>
  <testcase name="createUser_OK" classname="com.clearsolutions.controller.UserControllerTest" time="0.048">
    <system-out><![CDATA[2024-05-10 02:26:21 [main] DEBUG o.s.w.s.m.m.a.RequestMappingHandlerMapping - Mapped to com.clearsolutions.controller.UserController#create(UserRequestDto)
2024-05-10 02:26:21 [main] DEBUG o.s.w.s.m.m.a.RequestResponseBodyMethodProcessor - Read "application/json;charset=UTF-8" to [UserRequestDto(dataRequestDto=UserDataRequestDto(email=newuseremail.gmail.com, firstName=Low, lastNa (truncated)...]
2024-05-10 02:26:21 [main] INFO  c.c.controller.UserController - User with id 1 was successfully created
2024-05-10 02:26:21 [main] DEBUG o.s.w.s.m.m.a.HttpEntityMethodProcessor - Using 'application/json', given [*/*] and supported [application/json, application/*+json]
2024-05-10 02:26:21 [main] DEBUG o.s.w.s.m.m.a.HttpEntityMethodProcessor - Writing [UserResponseDto(dataResponseDto=UserDataResponseDto(id=1, email=newuseremail.gmail.com, firstName=Lo (truncated)...]
]]></system-out>
  </testcase>
</testsuite>